Log file open, 04/27/23 00:51:31
LogConfig: Display: Loading HoloLens ini files took 0.07 seconds
LogConfig: Display: Loading TVOS ini files took 0.09 seconds
LogConfig: Display: Loading IOS ini files took 0.02 seconds
LogConfig: Display: Loading Windows ini files took 0.11 seconds
LogConfig: Display: Loading LinuxArm64 ini files took 0.11 seconds
LogConfig: Display: Loading VulkanPC ini files took 0.02 seconds
LogConfig: Display: Loading Linux ini files took 0.02 seconds
LogConfig: Display: Loading Android ini files took 0.04 seconds
LogConfig: Display: Loading Mac ini files took 0.04 seconds
LogConfig: Display: Loading Unix ini files took 0.01 seconds
LogPluginManager: Mounting Engine plugin MeshPainting
LogPluginManager: Mounting Engine plugin TraceUtilities
LogPluginManager: Mounting Engine plugin Bridge
LogPluginManager: Mounting Engine plugin FastBuildController
LogPluginManager: Mounting Engine plugin XGEController
LogPluginManager: Mounting Engine plugin EnhancedInput
LogPluginManager: Mounting Engine plugin VariantManagerContent
LogPluginManager: Mounting Engine plugin VariantManager
LogPluginManager: Mounting Engine plugin GLTFExporter
LogPluginManager: Mounting Engine plugin DatasmithContent
LogPluginManager: Mounting Engine plugin OodleNetwork
LogPluginManager: Mounting Engine plugin InterchangeTests
LogPluginManager: Mounting Engine plugin Niagara
LogPluginManager: Mounting Engine plugin Takes
LogPluginManager: Mounting Engine plugin MobilePatchingUtils
LogPluginManager: Mounting Engine plugin GeometryCache
LogPluginManager: Mounting Engine plugin AppleImageUtils
LogPluginManager: Mounting Engine plugin LinuxDeviceProfileSelector
LogPluginManager: Mounting Engine plugin AndroidDeviceProfileSelector
LogPluginManager: Mounting Engine plugin MeshModelingToolset
LogPluginManager: Mounting Engine plugin AndroidPermission
LogPluginManager: Mounting Engine plugin GooglePAD
LogPluginManager: Mounting Engine plugin AudioWidgets
LogPluginManager: Mounting Engine plugin Metasound
LogPluginManager: Mounting Engine plugin PropertyAccessEditor
LogPluginManager: Mounting Engine plugin WindowsMoviePlayer
LogPluginManager: Mounting Engine plugin AppleMoviePlayer
LogPluginManager: Mounting Engine plugin GoogleCloudMessaging
LogPluginManager: Mounting Engine plugin WindowsDeviceProfileSelector
LogPluginManager: Mounting Engine plugin InputDebugging
LogPluginManager: Mounting Engine plugin IOSDeviceProfileSelector
LogPluginManager: Mounting Engine plugin AudioSynesthesia
LogPluginManager: Mounting Engine plugin ActorLayerUtilities
LogPluginManager: Mounting Engine plugin ResonanceAudio
LogPluginManager: Mounting Engine plugin WebMMoviePlayer
LogPluginManager: Mounting Engine plugin ArchVisCharacter
LogPluginManager: Mounting Engine plugin AssetTags
LogPluginManager: Mounting Engine plugin ProceduralMeshComponent
LogPluginManager: Mounting Engine plugin AudioCapture
LogPluginManager: Mounting Engine plugin ExampleDeviceProfileSelector
LogPluginManager: Mounting Engine plugin Synthesis
LogPluginManager: Mounting Engine plugin CustomMeshComponent
LogPluginManager: Mounting Engine plugin AndroidFileServer
LogPluginManager: Mounting Engine plugin SignificanceManager
LogPluginManager: Mounting Engine plugin GeometryProcessing
LogPluginManager: Mounting Engine plugin WaveTable
LogPluginManager: Mounting Engine plugin SoundFields
LogPluginManager: Mounting Engine plugin ChunkDownloader
LogPluginManager: Mounting Engine plugin AndroidMoviePlayer
LogPluginManager: Mounting Engine plugin LocationServicesBPLibrary
LogPluginManager: Mounting Engine plugin GameplayCameras
LogPluginManager: Mounting Engine plugin CameraShakePreviewer
LogPluginManager: Mounting Engine plugin SequencerScripting
LogPluginManager: Mounting Engine plugin ActorSequence
LogPluginManager: Mounting Engine plugin UdpMessaging
LogPluginManager: Mounting Engine plugin TemplateSequence
LogPluginManager: Mounting Engine plugin LevelSequenceEditor
LogPluginManager: Mounting Engine plugin CodeLiteSourceCodeAccess
LogPluginManager: Mounting Engine plugin AnimationSharing
LogPluginManager: Mounting Engine plugin TextureFormatOodle
LogPluginManager: Mounting Engine plugin GitSourceControl
LogPluginManager: Mounting Engine plugin PropertyAccessNode
LogPluginManager: Mounting Engine plugin RiderSourceCodeAccess
LogPluginManager: Mounting Engine plugin KDevelopSourceCodeAccess
LogPluginManager: Mounting Engine plugin PlasticSourceControl
LogPluginManager: Mounting Engine plugin TraceDataFilters
LogPluginManager: Mounting Engine plugin NullSourceCodeAccess
LogPluginManager: Mounting Engine plugin UObjectPlugin
LogPluginManager: Mounting Engine plugin PerforceSourceControl
LogPluginManager: Mounting Engine plugin VisualStudioSourceCodeAccess
LogPluginManager: Mounting Engine plugin PixWinPlugin
LogPluginManager: Mounting Engine plugin CLionSourceCodeAccess
LogPluginManager: Mounting Engine plugin PluginUtils
LogPluginManager: Mounting Engine plugin DumpGPUServices
LogPluginManager: Mounting Engine plugin VisualStudioCodeSourceCodeAccess
LogPluginManager: Mounting Engine plugin SubversionSourceControl
LogPluginManager: Mounting Engine plugin XCodeSourceCodeAccess
LogPluginManager: Mounting Engine plugin WebMMedia
LogPluginManager: Mounting Engine plugin ImgMedia
LogPluginManager: Mounting Engine plugin MediaPlayerEditor
LogPluginManager: Mounting Engine plugin WmfMedia
LogPluginManager: Mounting Engine plugin AvfMedia
LogPluginManager: Mounting Engine plugin MediaPlate
LogPluginManager: Mounting Engine plugin MediaCompositing
LogPluginManager: Mounting Engine plugin AndroidMedia
LogPluginManager: Mounting Engine plugin OnlineBase
LogPluginManager: Mounting Engine plugin OnlineSubsystemNull
LogPluginManager: Mounting Engine plugin OnlineSubsystem
LogPluginManager: Mounting Engine plugin OnlineServices
LogPluginManager: Mounting Engine plugin OnlineSubsystemUtils
LogPluginManager: Mounting Engine plugin Paper2D
LogPluginManager: Mounting Engine plugin AnimationModifierLibrary
LogPluginManager: Mounting Engine plugin IKRig
LogPluginManager: Mounting Engine plugin BlendSpaceMotionAnalysis
LogPluginManager: Mounting Engine plugin CableComponent
LogPluginManager: Mounting Engine plugin ControlRig
LogPluginManager: Mounting Engine plugin ControlRigSpline
LogPluginManager: Mounting Engine plugin EnvironmentQueryEditor
LogPluginManager: Mounting Engine plugin AISupport
LogPluginManager: Mounting Engine plugin LauncherChunkInstaller
LogPluginManager: Mounting Engine plugin OpenImageDenoise
LogPluginManager: Mounting Engine plugin Iris
LogPluginManager: Mounting Engine plugin PlanarCut
LogPluginManager: Mounting Engine plugin ChaosEditor
LogPluginManager: Mounting Engine plugin TcpMessaging
LogPluginManager: Mounting Engine plugin AutomationUtils
LogPluginManager: Mounting Engine plugin GeometryFlow
LogPluginManager: Mounting Engine plugin MeshModelingToolsetExp
LogPluginManager: Mounting Engine plugin PlatformCrypto
LogPluginManager: Mounting Engine plugin ChaosCaching
LogPluginManager: Mounting Engine plugin ChaosSolverPlugin
LogPluginManager: Mounting Engine plugin GeometryCollectionPlugin
LogPluginManager: Mounting Engine plugin FullBodyIK
LogPluginManager: Mounting Engine plugin ProxyLODPlugin
LogPluginManager: Mounting Engine plugin SkeletalReduction
LogPluginManager: Mounting Engine plugin CharacterAI
LogPluginManager: Mounting Engine plugin UVEditor
LogPluginManager: Mounting Engine plugin PythonScriptPlugin
LogPluginManager: Mounting Engine plugin ChaosUserDataPT
LogPluginManager: Mounting Engine plugin ChaosCloth
LogPluginManager: Mounting Engine plugin Dataflow
LogPluginManager: Mounting Engine plugin MeshLODToolset
LogPluginManager: Mounting Engine plugin BackChannel
LogPluginManager: Mounting Engine plugin ChaosNiagara
LogPluginManager: Mounting Engine plugin ChaosClothEditor
LogPluginManager: Mounting Engine plugin CryptoKeys
LogPluginManager: Mounting Engine plugin GameplayTagsEditor
LogPluginManager: Mounting Engine plugin WorldPartitionHLODUtilities
LogPluginManager: Mounting Engine plugin AssetManagerEditor
LogPluginManager: Mounting Engine plugin MobileLauncherProfileWizard
LogPluginManager: Mounting Engine plugin CurveEditorTools
LogPluginManager: Mounting Engine plugin StylusInput
LogPluginManager: Mounting Engine plugin FacialAnimation
LogPluginManager: Mounting Engine plugin PluginBrowser
LogPluginManager: Mounting Engine plugin MacGraphicsSwitching
LogPluginManager: Mounting Engine plugin BlueprintHeaderView
LogPluginManager: Mounting Engine plugin EditorScriptingUtilities
LogPluginManager: Mounting Engine plugin SequencerAnimTools
LogPluginManager: Mounting Engine plugin DataValidation
LogPluginManager: Mounting Engine plugin EditorDebugTools
LogPluginManager: Mounting Engine plugin SpeedTreeImporter
LogPluginManager: Mounting Engine plugin GLTFImporter
LogPluginManager: Mounting Engine plugin GeometryMode
LogPluginManager: Mounting Engine plugin MaterialAnalyzer
LogPluginManager: Mounting Engine plugin ModelingToolsEditorMode
LogPluginManager: Mounting Engine plugin InterchangeEditor
LogPluginManager: Mounting Engine plugin Interchange
LogPluginManager: Found config from plugin[Interchange] Game
LogPluginManager: Mounting Engine plugin AlembicImporter
LogPluginManager: Mounting Engine plugin OnlineSubsystemIOS
LogPluginManager: Mounting Engine plugin OnlineSubsystemGooglePlay
LogPluginManager: Mounting Engine plugin ContentBrowserClassDataSource
LogPluginManager: Mounting Engine plugin ContentBrowserFileDataSource
LogPluginManager: Mounting Engine plugin ContentBrowserAssetDataSource
LogPluginManager: Mounting Engine plugin ObjectMixer
LogPluginManager: Mounting Engine plugin LightMixer
LogPluginManager: Mounting Project plugin Renet
LogPackageName: Display: FPackageName: Mount point added: '../../Plugins/Bridge/Content/' mounted to '/Bridge/'
LogPackageName: Display: FPackageName: Mount point added: '../../Plugins/Enterprise/GLTFExporter/Content/' mounted to '/GLTFExporter/'
LogPackageName: Display: FPackageName: Mount point added: '../../Plugins/Enterprise/DatasmithContent/Content/' mounted to '/DatasmithContent/'
LogPackageName: Display: FPackageName: Mount point added: '../../Plugins/FX/Niagara/Content/' mounted to '/Niagara/'
LogPackageName: Display: FPackageName: Mount point added: '../../Plugins/VirtualProduction/Takes/Content/' mounted to '/Takes/'
LogPackageName: Display: FPackageName: Mount point added: '../../Plugins/Runtime/MeshModelingToolset/Content/' mounted to '/MeshModelingToolset/'
LogPackageName: Display: FPackageName: Mount point added: '../../Plugins/Runtime/AudioWidgets/Content/' mounted to '/AudioWidgets/'
LogPackageName: Display: FPackageName: Mount point added: '../../Plugins/Runtime/Metasound/Content/' mounted to '/Metasound/'
LogPackageName: Display: FPackageName: Mount point added: '../../Plugins/Runtime/AudioSynesthesia/Content/' mounted to '/AudioSynesthesia/'
LogPackageName: Display: FPackageName: Mount point added: '../../Plugins/Runtime/ResonanceAudio/Content/' mounted to '/ResonanceAudio/'
LogPackageName: Display: FPackageName: Mount point added: '../../Plugins/Runtime/Synthesis/Content/' mounted to '/Synthesis/'
LogPackageName: Display: FPackageName: Mount point added: '../../Plugins/Runtime/GeometryProcessing/Content/' mounted to '/GeometryProcessing/'
LogPackageName: Display: FPackageName: Mount point added: '../../Plugins/Runtime/WaveTable/Content/' mounted to '/WaveTable/'
LogPackageName: Display: FPackageName: Mount point added: '../../Plugins/MovieScene/SequencerScripting/Content/' mounted to '/SequencerScripting/'
LogPackageName: Display: FPackageName: Mount point added: '../../Plugins/Developer/AnimationSharing/Content/' mounted to '/AnimationSharing/'
LogPackageName: Display: FPackageName: Mount point added: '../../Plugins/Media/MediaPlate/Content/' mounted to '/MediaPlate/'
LogPackageName: Display: FPackageName: Mount point added: '../../Plugins/Media/MediaCompositing/Content/' mounted to '/MediaCompositing/'
LogPackageName: Display: FPackageName: Mount point added: '../../Plugins/2D/Paper2D/Content/' mounted to '/Paper2D/'
LogPackageName: Display: FPackageName: Mount point added: '../../Plugins/Animation/IKRig/Content/' mounted to '/IKRig/'
LogPackageName: Display: FPackageName: Mount point added: '../../Plugins/Animation/ControlRig/Content/' mounted to '/ControlRig/'
LogPackageName: Display: FPackageName: Mount point added: '../../Plugins/Animation/ControlRigSpline/Content/' mounted to '/ControlRigSpline/'
LogPackageName: Display: FPackageName: Mount point added: '../../Plugins/Experimental/GeometryFlow/Content/' mounted to '/GeometryFlow/'
LogPackageName: Display: FPackageName: Mount point added: '../../Plugins/Experimental/MeshModelingToolsetExp/Content/' mounted to '/MeshModelingToolsetExp/'
LogPackageName: Display: FPackageName: Mount point added: '../../Plugins/Experimental/ChaosCaching/Content/' mounted to '/ChaosCaching/'
LogPackageName: Display: FPackageName: Mount point added: '../../Plugins/Experimental/ChaosSolverPlugin/Content/' mounted to '/ChaosSolverPlugin/'
LogPackageName: Display: FPackageName: Mount point added: '../../Plugins/Experimental/GeometryCollectionPlugin/Content/' mounted to '/GeometryCollectionPlugin/'
LogPackageName: Display: FPackageName: Mount point added: '../../Plugins/Experimental/FullBodyIK/Content/' mounted to '/FullBodyIK/'
LogPackageName: Display: FPackageName: Mount point added: '../../Plugins/Experimental/UVEditor/Content/' mounted to '/UVEditor/'
LogPackageName: Display: FPackageName: Mount point added: '../../Plugins/Experimental/PythonScriptPlugin/Content/' mounted to '/PythonScriptPlugin/'
LogPackageName: Display: FPackageName: Mount point added: '../../Plugins/Experimental/Dataflow/Content/' mounted to '/Dataflow/'
LogPackageName: Display: FPackageName: Mount point added: '../../Plugins/Experimental/MeshLODToolset/Content/' mounted to '/MeshLODToolset/'
LogPackageName: Display: FPackageName: Mount point added: '../../Plugins/Experimental/ChaosNiagara/Content/' mounted to '/ChaosNiagara/'
LogPackageName: Display: FPackageName: Mount point added: '../../Plugins/Experimental/ChaosClothEditor/Content/' mounted to '/ChaosClothEditor/'
LogPackageName: Display: FPackageName: Mount point added: '../../Plugins/Editor/BlueprintHeaderView/Content/' mounted to '/BlueprintHeaderView/'
LogPackageName: Display: FPackageName: Mount point added: '../../Plugins/Editor/SpeedTreeImporter/Content/' mounted to '/SpeedTreeImporter/'
LogPackageName: Display: FPackageName: Mount point added: '../../Plugins/Editor/GLTFImporter/Content/' mounted to '/GLTFImporter/'
LogPackageName: Display: FPackageName: Mount point added: '../../Plugins/Editor/GeometryMode/Content/' mounted to '/GeometryMode/'
LogPackageName: Display: FPackageName: Mount point added: '../../Plugins/Editor/ModelingToolsEditorMode/Content/' mounted to '/ModelingToolsEditorMode/'
LogPackageName: Display: FPackageName: Mount point added: '../../Plugins/Interchange/Runtime/Content/' mounted to '/Interchange/'
LogPackageName: Display: FPackageName: Mount point added: '../../Plugins/Editor/ObjectMixer/ObjectMixer/Content/' mounted to '/ObjectMixer/'
LogPackageName: Display: FPackageName: Mount point added: '../../Plugins/Editor/ObjectMixer/LightMixer/Content/' mounted to '/LightMixer/'
LogPackageName: Display: FPackageName: Mount point added: '../../../../../../home/amon/Projects/space-anchor/client/Plugins/Renet/Content/' mounted to '/Renet/'
SourceControl: Source control is disabled
SourceControl: Source control is disabled
LogInit: Warning: Incompatible or missing module: client
LogInit: Initializing SDL.
LogInit: Initialized SDL 2.0.20 revision:  (compiled against 2.0.20)
LogInit: Using SDL video driver 'x11'
LogInit: Display metrics:
LogInit:   PrimaryDisplayWidth: 1920
LogInit:   PrimaryDisplayHeight: 1080
LogInit:   PrimaryDisplayWorkAreaRect:
LogInit:     Left=0, Top=32, Right=1920, Bottom=1080
LogInit:   VirtualDisplayRect:
LogInit:     Left=0, Top=32, Right=1920, Bottom=1080
LogInit:   TitleSafePaddingSize: X=0.000 Y=0.000 Z=0.000 W=0.000
LogInit:   ActionSafePaddingSize: X=0.000 Y=0.000 Z=0.000 W=0.000
LogInit:   Number of monitors: 1
LogInit:     Monitor 0
LogInit:       Name: 22P1W 22"
LogInit:       ID: display0
LogInit:       NativeWidth: 1920
LogInit:       NativeHeight: 1080
LogInit:       bIsPrimary: true
Running /media/data/unreal5/Engine/Build/BatchFiles/Linux/Build.sh Development Linux -Project="/home/amon/Projects/space-anchor/client/client.uproject" -TargetType=Editor -Progress -NoEngineChanges -NoHotReloadFromIDE
Setting up bundled DotNet SDK
Running command : dotnet Engine/Binaries/DotNET/UnrealBuildTool/UnrealBuildTool.dll Development Linux -Project=/home/amon/Projects/space-anchor/client/client.uproject -TargetType=Editor -Progress -NoEngineChanges -NoHotReloadFromIDE
Log file: /home/amon/.config/Epic/UnrealBuildTool/Log.txt
Using 'git status' to determine working set for adaptive non-unity build (/home/amon/Projects/space-anchor).
Waiting for 'git status' command to complete
@progress push 5%
@progress pop
Building clientEditor...
Determining max actions to execute in parallel (8 physical cores, 8 logical cores)
  Executing up to 8 processes, one per physical core
  Requested 1.5 GB free memory per action, 4.98 GB available: limiting max parallel actions to 3
Building 4 actions with 3 processes...
[1/4] Link (lld) libUnrealEditor-client.so
[2/4] Compile Module.Renet.cpp
In file included from /home/amon/Projects/space-anchor/client/Plugins/Renet/Intermediate/Build/Linux/B4D820EA/UnrealEditor/Development/Renet/Module.Renet.cpp:5:
/home/amon/Projects/space-anchor/client/Plugins/Renet/Source/Renet/Private/RenetClient.cpp:90:3: error: cannot pass object of non-trivial type 'const FString' through variadic function; call will abort at runtime [-Wnon-pod-varargs]
                UE_LOG(LogTemp, Log, TEXT("now: %s, lastMessage: %s, diff: %s"),  now_s, lastMessage_s, diff_s );
                ^
/media/data/unreal5/Engine/Source/Runtime/Core/Public/Logging/LogMacros.h:255:4: note: expanded from macro 'UE_LOG'
                        UE_INTERNAL_LOG_IMPL(CategoryName, Verbosity, Format, ##__VA_ARGS__); \
                        ^
/media/data/unreal5/Engine/Source/Runtime/Core/Public/Logging/LogMacros.h:216:59: note: expanded from macro 'UE_INTERNAL_LOG_IMPL'
                                        TRACE_LOG_MESSAGE(LCategoryName, Verbosity, LFormat, UE_LOG_Args...) \
                                                                                             ^
/media/data/unreal5/Engine/Source/Runtime/Core/Public/Misc/AssertionMacros.h:171:9: note: in instantiation of function template specialization 'ARenetClient::Tick(float)::(anonymous class)::operator()<FLogCategoryLogTemp, char16_t [35], FString, FString, FString>' requested here
        return Inner(Args...);
               ^
/home/amon/Projects/space-anchor/client/Plugins/Renet/Source/Renet/Private/RenetClient.cpp:90:3: note: in instantiation of function template specialization 'DispatchCheckVerify<void, (lambda at /home/amon/Projects/space-anchor/client/Plugins/Renet/Source/Renet/Private/RenetClient.cpp:90:3), FLogCategoryLogTemp, char16_t [35], FString, FString, FString>' requested here
                UE_LOG(LogTemp, Log, TEXT("now: %s, lastMessage: %s, diff: %s"),  now_s, lastMessage_s, diff_s );
                ^
/media/data/unreal5/Engine/Source/Runtime/Core/Public/Logging/LogMacros.h:255:4: note: expanded from macro 'UE_LOG'
                        UE_INTERNAL_LOG_IMPL(CategoryName, Verbosity, Format, ##__VA_ARGS__); \
                        ^
/media/data/unreal5/Engine/Source/Runtime/Core/Public/Logging/LogMacros.h:214:5: note: expanded from macro 'UE_INTERNAL_LOG_IMPL'
                                DispatchCheckVerify([] (const auto& LCategoryName, const auto& LFormat, const auto&... UE_LOG_Args) UE_DEBUG_SECTION \
                                ^
In file included from /home/amon/Projects/space-anchor/client/Plugins/Renet/Intermediate/Build/Linux/B4D820EA/UnrealEditor/Development/Renet/Module.Renet.cpp:5:
/home/amon/Projects/space-anchor/client/Plugins/Renet/Source/Renet/Private/RenetClient.cpp:90:3: error: cannot pass object of non-trivial type 'const FString' through variadic function; call will abort at runtime [-Wnon-pod-varargs]
                UE_LOG(LogTemp, Log, TEXT("now: %s, lastMessage: %s, diff: %s"),  now_s, lastMessage_s, diff_s );
                ^
/media/data/unreal5/Engine/Source/Runtime/Core/Public/Logging/LogMacros.h:255:4: note: expanded from macro 'UE_LOG'
                        UE_INTERNAL_LOG_IMPL(CategoryName, Verbosity, Format, ##__VA_ARGS__); \
                        ^
/media/data/unreal5/Engine/Source/Runtime/Core/Public/Logging/LogMacros.h:216:59: note: expanded from macro 'UE_INTERNAL_LOG_IMPL'
                                        TRACE_LOG_MESSAGE(LCategoryName, Verbosity, LFormat, UE_LOG_Args...) \
                                                                                             ^
In file included from /home/amon/Projects/space-anchor/client/Plugins/Renet/Intermediate/Build/Linux/B4D820EA/UnrealEditor/Development/Renet/Module.Renet.cpp:5:
/home/amon/Projects/space-anchor/client/Plugins/Renet/Source/Renet/Private/RenetClient.cpp:90:3: error: cannot pass object of non-trivial type 'const FString' through variadic function; call will abort at runtime [-Wnon-pod-varargs]
/media/data/unreal5/Engine/Source/Runtime/Core/Public/Logging/LogMacros.h:255:4: note: expanded from macro 'UE_LOG'
                        UE_INTERNAL_LOG_IMPL(CategoryName, Verbosity, Format, ##__VA_ARGS__); \
                        ^
/media/data/unreal5/Engine/Source/Runtime/Core/Public/Logging/LogMacros.h:216:59: note: expanded from macro 'UE_INTERNAL_LOG_IMPL'
                                        TRACE_LOG_MESSAGE(LCategoryName, Verbosity, LFormat, UE_LOG_Args...) \
                                                                                             ^
/media/data/unreal5/Engine/Source/Runtime/Core/Public/Logging/LogMacros.h:63:3: error: static_assert failed due to requirement 'TAnd<TIsValidVariadicFunctionArg<FString, false>, TIsValidVariadicFunctionArg<FString, false>, TIsValidVariadicFunctionArg<FString, false>>::Value' "Invalid argument(s) passed to FMsg::Logf_Internal"
                static_assert(TAnd<TIsValidVariadicFunctionArg<Types>...>::Value, "Invalid argument(s) passed to FMsg::Logf_Internal");
                ^             ~~~~~~~~~~~~~~~~~~~~~~~~~~~~~~~~~~~~~~~~~~~~~~~~~~
/home/amon/Projects/space-anchor/client/Plugins/Renet/Source/Renet/Private/RenetClient.cpp:90:3: note: in instantiation of function template specialization 'FMsg::Logf_Internal<char16_t [35], FString, FString, FString>' requested here
                UE_LOG(LogTemp, Log, TEXT("now: %s, lastMessage: %s, diff: %s"),  now_s, lastMessage_s, diff_s );
                ^
/media/data/unreal5/Engine/Source/Runtime/Core/Public/Logging/LogMacros.h:255:4: note: expanded from macro 'UE_LOG'
                        UE_INTERNAL_LOG_IMPL(CategoryName, Verbosity, Format, ##__VA_ARGS__); \
                        ^
/media/data/unreal5/Engine/Source/Runtime/Core/Public/Logging/LogMacros.h:224:14: note: expanded from macro 'UE_INTERNAL_LOG_IMPL'
                                                        FMsg::Logf_Internal(nullptr, 0, LCategoryName.GetCategoryName(), ELogVerbosity::Verbosity, LFormat, UE_LOG_Args...); \
                                                              ^
/home/amon/Projects/space-anchor/client/Plugins/Renet/Source/Renet/Private/RenetClient.cpp:90:3: note: in instantiation of function template specialization 'DispatchCheckVerify<void, (lambda at /home/amon/Projects/space-anchor/client/Plugins/Renet/Source/Renet/Private/RenetClient.cpp:90:3), FLogCategoryLogTemp, char16_t [35], FString, FString, FString>' requested here
/media/data/unreal5/Engine/Source/Runtime/Core/Public/Logging/LogMacros.h:255:4: note: expanded from macro 'UE_LOG'
                        UE_INTERNAL_LOG_IMPL(CategoryName, Verbosity, Format, ##__VA_ARGS__); \
                        ^
/media/data/unreal5/Engine/Source/Runtime/Core/Public/Logging/LogMacros.h:214:5: note: expanded from macro 'UE_INTERNAL_LOG_IMPL'
                                DispatchCheckVerify([] (const auto& LCategoryName, const auto& LFormat, const auto&... UE_LOG_Args) UE_DEBUG_SECTION \
                                ^
/media/data/unreal5/Engine/Source/Runtime/Core/Public/Logging/LogMacros.h:65:73: error: cannot pass object of non-trivial type 'FString' through variadic function; call will abort at runtime [-Wnon-pod-varargs]
                Logf_InternalImpl(File, Line, Category, Verbosity, (const TCHAR*)Fmt, Args...);
                                                                                      ^
/media/data/unreal5/Engine/Source/Runtime/Core/Public/Logging/LogMacros.h:65:73: error: cannot pass object of non-trivial type 'FString' through variadic function; call will abort at runtime [-Wnon-pod-varargs]
/media/data/unreal5/Engine/Source/Runtime/Core/Public/Logging/LogMacros.h:65:73: error: cannot pass object of non-trivial type 'FString' through variadic function; call will abort at runtime [-Wnon-pod-varargs]
7 errors generated.
[3/4] Link (lld) libUnrealEditor-Renet.so cancelled
[4/4] WriteMetadata clientEditor.target cancelled
LogInit: Warning: Still incompatible or missing module: client
LogCore: Engine exit requested (reason: EngineExit() was called)
LogExit: Preparing to exit.
LogVirtualization: UE::Virtualization was shutdown
LogModuleManager: Shutting down and abandoning module DesktopPlatform (58)
LogModuleManager: Shutting down and abandoning module PythonScriptPluginPreload (56)
LogModuleManager: Shutting down and abandoning module PlatformCryptoOpenSSL (54)
LogModuleManager: Shutting down and abandoning module PlatformCryptoTypes (52)
LogModuleManager: Shutting down and abandoning module PlatformCrypto (50)
LogModuleManager: Shutting down and abandoning module PerforceSourceControl (48)
LogModuleManager: Shutting down and abandoning module SourceControl (47)
LogModuleManager: Shutting down and abandoning module FastBuildController (44)
LogModuleManager: Shutting down and abandoning module AnimationModifiers (42)
LogModuleManager: Shutting down and abandoning module AudioEditor (40)
LogModuleManager: Shutting down and abandoning module PropertyEditor (39)
LogModuleManager: Shutting down and abandoning module Virtualization (36)
LogModuleManager: Shutting down and abandoning module MessageLog (35)
LogModuleManager: Shutting down and abandoning module TextureCompressor (32)
LogModuleManager: Shutting down and abandoning module RenderCore (30)
LogModuleManager: Shutting down and abandoning module Landscape (28)
LogModuleManager: Shutting down and abandoning module SlateRHIRenderer (26)
LogModuleManager: Shutting down and abandoning module OpenGLDrv (24)
LogModuleManager: Shutting down and abandoning module AnimGraphRuntime (22)
LogModuleManager: Shutting down and abandoning module Renderer (20)
LogModuleManager: Shutting down and abandoning module Engine (18)
LogModuleManager: Shutting down and abandoning module CoreUObject (16)
LogModuleManager: Shutting down and abandoning module SandboxFile (14)
LogModuleManager: Shutting down and abandoning module PakFile (12)
LogModuleManager: Shutting down and abandoning module RSA (11)
LogModuleManager: Shutting down and abandoning module NetworkFile (8)
LogModuleManager: Shutting down and abandoning module StreamingFile (6)
LogModuleManager: Shutting down and abandoning module CookOnTheFly (4)
LogModuleManager: Shutting down and abandoning module StorageServerClient (2)
LogExit: Exiting.
LogInit: Tearing down SDL.
Log file closed, 04/27/23 00:53:20
