Log file open, 04/27/23 04:55:13
LogInit: Build: ++UE5+Release-5.1-CL-23058290
LogInit: Engine Version: 5.1.0-23058290+++UE5+Release-5.1
LogInit: Compatible Engine Version: 5.1.0-23058290+++UE5+Release-5.1
LogInit: Net CL: 23058290
LogInit: OS: Manjaro Linux (6.2.10-1-MANJARO), CPU: AMD Ryzen 3 3100 4-Core Processor, GPU: NVIDIA GeForce GTX 1660 (NVIDIA UNIX x86_64 Kernel Module  530.41.03  Thu Mar 16 19:48:20 UTC 2023)
LogInit: Compiled (64-bit): Nov 10 2022 06:19:21
LogInit: Compiled with Clang: 13.0.1 
LogInit: Build Configuration: Shipping
LogInit: Branch Name: ++UE5+Release-5.1
LogInit: Command Line:  -Abslog="/home/amon/Projects/space-anchor/client/Saved/Logs/client-CRC.log" "/home/amon/Projects/space-anchor/client/Saved/Crashes/crashinfo-client-pid-844141-048F91E4EA75423E876EC0D2BFA3986F/"
LogInit: Base Directory: /media/data/unreal5/Engine/Binaries/Linux/
LogInit: Allocator: Mimalloc
LogInit: Installed Engine Build: 1
LogInit: Presizing for max 100000 objects, including 0 objects not considered by GC, pre-allocating 0 bytes for permanent pool.
LogInit: Object subsystem initialized
LogConfig: Applying CVar settings from Section [ConsoleVariables] File [Engine]
[2023.04.27-02.55.13:444][  0]LogInit: Unix hardware info:
[2023.04.27-02.55.13:444][  0]LogInit:  - we are the first instance of this executable
[2023.04.27-02.55.13:444][  0]LogInit:  - this process' id (pid) is 849082, parent process' id (ppid) is 844141
[2023.04.27-02.55.13:444][  0]LogInit:  - we are not running under debugger
[2023.04.27-02.55.13:444][  0]LogInit:  - machine network name is 'amon-pc'
[2023.04.27-02.55.13:445][  0]LogInit:  - user name is 'amon' (amon)
[2023.04.27-02.55.13:445][  0]LogInit:  - we're logged in locally
[2023.04.27-02.55.13:445][  0]LogInit:  - we're running with rendering
[2023.04.27-02.55.13:445][  0]LogInit:  - CPU: AuthenticAMD 'AMD Ryzen 3 3100 4-Core Processor' (signature: 0x870F10)
[2023.04.27-02.55.13:445][  0]LogInit:  - Number of physical cores available for the process: 4
[2023.04.27-02.55.13:445][  0]LogInit:  - Number of logical cores available for the process: 8
[2023.04.27-02.55.13:445][  0]LogInit:  - Cache line size: 64
[2023.04.27-02.55.13:445][  0]LogInit:  - GPU Brand Info: NVIDIA GeForce GTX 1660 (NVIDIA UNIX x86_64 Kernel Module  530.41.03  Thu Mar 16 19:48:20 UTC 2023)
[2023.04.27-02.55.13:445][  0]LogInit:  - Memory allocator used: Mimalloc
[2023.04.27-02.55.13:445][  0]LogInit:  - This binary is optimized with LTO: no, PGO: no, instrumented for PGO data collection: no
[2023.04.27-02.55.13:445][  0]LogInit:  - This is an internal build.
[2023.04.27-02.55.13:445][  0]LogCore: Skipped benchmarking clocks because the engine is running in a standalone program mode - CLOCK_MONOTONIC will be used.
[2023.04.27-02.55.13:445][  0]LogInit: Unix-specific commandline switches:
[2023.04.27-02.55.13:445][  0]LogInit:  -ansimalloc - use malloc()/free() from libc (useful for tools like valgrind and electric fence)
[2023.04.27-02.55.13:445][  0]LogInit:  -jemalloc - use jemalloc for all memory allocation
[2023.04.27-02.55.13:445][  0]LogInit:  -binnedmalloc - use binned malloc  for all memory allocation
[2023.04.27-02.55.13:445][  0]LogInit:  -filemapcachesize=NUMBER - set the size for case-sensitive file mapping cache
[2023.04.27-02.55.13:445][  0]LogInit:  -useksm - uses kernel same-page mapping (KSM) for mapped memory (OFF)
[2023.04.27-02.55.13:445][  0]LogInit:  -ksmmergeall - marks all mmap'd memory pages suitable for KSM (OFF)
[2023.04.27-02.55.13:445][  0]LogInit:  -preloadmodulesymbols - Loads the main module symbols file into memory (OFF)
[2023.04.27-02.55.13:445][  0]LogInit:  -sigdfl=SIGNAL - Allows a specific signal to be set to its default handler rather then ignoring the signal
[2023.04.27-02.55.13:445][  0]LogInit:  -crashhandlerstacksize - Allows setting crash handler stack sizes (204800)
[2023.04.27-02.55.13:445][  0]LogInit:  -noexclusivelockonwrite - disables marking files created by the engine as exclusive locked while the engine has them opened
[2023.04.27-02.55.13:445][  0]LogInit:  -httpproxy=ADDRESS:PORT - redirects HTTP requests to a proxy (only supported if compiled with libcurl)
[2023.04.27-02.55.13:445][  0]LogInit:  -reuseconn - allow libcurl to reuse HTTP connections (only matters if compiled with libcurl)
[2023.04.27-02.55.13:445][  0]LogInit:  -virtmemkb=NUMBER - sets process virtual memory (address space) limit (overrides VirtualMemoryLimitInKB value from .ini)
[2023.04.27-02.55.13:445][  0]LogInit:  - Physical RAM available (not considering process quota): 16 GB (15945 MB, 16328188 KB, 16720064512 bytes)
[2023.04.27-02.55.13:445][  0]LogInit:  - VirtualMemoryAllocator pools will grow at scale 1.4
[2023.04.27-02.55.13:445][  0]LogInit:  - MemoryRangeDecommit() will be a no-op (re-run with -vmapoolevict to change)
[2023.04.27-02.55.13:445][  0]LogInit:  - PageSize 4096
[2023.04.27-02.55.13:445][  0]LogInit:  - BinnedPageSize 65536
[2023.04.27-02.55.13:484][  0]LogUObjectArray: 419 objects as part of root set at end of initial load.
[2023.04.27-02.55.13:484][  0]LogUObjectAllocator: 89032 out of 0 bytes used by permanent object pool.
[2023.04.27-02.55.13:484][  0]LogUObjectArray: CloseDisregardForGC: 0/0 objects in disregard for GC pool
[2023.04.27-02.55.13:484][  0]LogInit: Using OS detected language (en-GB).
[2023.04.27-02.55.13:484][  0]LogInit: Using OS detected locale (en-GB).
[2023.04.27-02.55.13:521][  0]LogTextLocalizationManager: No specific localization for 'en-GB' exists, so 'en' will be used for the language.
[2023.04.27-02.55.13:579][  0]LogInit: Using OS detected language (en-GB).
[2023.04.27-02.55.13:579][  0]LogInit: Using OS detected locale (en-GB).
[2023.04.27-02.55.13:579][  0]LogTextLocalizationManager: No localization for 'en-GB' exists, so 'en' will be used for the language.
[2023.04.27-02.55.13:579][  0]LogTextLocalizationManager: No localization for 'en-GB' exists, so 'en' will be used for the locale.
[2023.04.27-02.55.13:579][  0]LogPackageLocalizationCache: Processed 2 localized package path(s) for 1 prioritized culture(s) in 0.000049 seconds
[2023.04.27-02.55.13:579][  0]CrashReportCoreLog: CrashReportClientVersion=1.0
[2023.04.27-02.55.13:579][  0]CrashReportCoreLog: CrashReportReceiver disabled
[2023.04.27-02.55.13:579][  0]CrashReportCoreLog: DataRouterUrl: https://datarouter.ol.epicgames.com/datarouter/api/v1/public/data
[2023.04.27-02.55.13:711][  0]LogInit: Using libcurl 7.83.1
[2023.04.27-02.55.13:711][  0]LogInit:  - built for Linux
[2023.04.27-02.55.13:711][  0]LogInit:  - supports SSL with OpenSSL/1.1.1n
[2023.04.27-02.55.13:711][  0]LogInit:  - supports HTTP deflate (compression) using libz 1.2.12
[2023.04.27-02.55.13:711][  0]LogInit:  - other features:
[2023.04.27-02.55.13:711][  0]LogInit:      CURL_VERSION_SSL
[2023.04.27-02.55.13:712][  0]LogInit:      CURL_VERSION_LIBZ
[2023.04.27-02.55.13:712][  0]LogInit:      CURL_VERSION_IPV6
[2023.04.27-02.55.13:712][  0]LogInit:      CURL_VERSION_ASYNCHDNS
[2023.04.27-02.55.13:712][  0]LogInit:      CURL_VERSION_LARGEFILE
[2023.04.27-02.55.13:712][  0]LogInit:  CurlRequestOptions (configurable via config and command line):
[2023.04.27-02.55.13:712][  0]LogInit:  - bVerifyPeer = false  - Libcurl will NOT verify peer certificate
[2023.04.27-02.55.13:712][  0]LogInit:  - bUseHttpProxy = false  - Libcurl will NOT use HTTP proxy
[2023.04.27-02.55.13:712][  0]LogInit:  - bDontReuseConnections = false  - Libcurl will reuse connections
[2023.04.27-02.55.13:712][  0]LogInit:  - MaxHostConnections = 16  - Libcurl will limit the number of connections to a host
[2023.04.27-02.55.13:712][  0]LogInit:  - LocalHostAddr = Default
[2023.04.27-02.55.13:712][  0]LogInit:  - BufferSize = 65536
[2023.04.27-02.55.13:712][  0]LogAnalytics: Display: [CrashReporter.Release] APIServer = https://datarouter.ol.epicgames.com/. AppVersion = ++UE5+Release-5.1-CL-23058290
[2023.04.27-02.55.13:716][  0]LogInit: Initializing SDL.
[2023.04.27-02.55.14:924][  0]LogInit: Initialized SDL 2.0.20 revision:  (compiled against 2.0.20)
[2023.04.27-02.55.14:925][  0]LogInit: Using SDL video driver 'x11'
[2023.04.27-02.55.15:066][  0]LogSlate: New Slate User Created. Platform User Id 0, User Index 0, Is Virtual User: 0
[2023.04.27-02.55.15:074][  0]LogSlate: Slate User Registered.  User Index 0, Is Virtual User: 0
[2023.04.27-02.55.15:085][  0]LogSlate: Using FreeType 2.10.0
[2023.04.27-02.55.15:139][  0]LogSlate: SlateFontServices - WITH_FREETYPE: 1, WITH_HARFBUZZ: 1
[2023.04.27-02.55.15:139][  0]LogInit: Using SDL_WINDOW_OPENGL
[2023.04.27-02.55.15:237][  0]LogInit: FSlateOpenGLContext::Initialize - creating OpenGL 2.1 context
[2023.04.27-02.55.15:697][  0]CrashReportCoreLog: Initial state = Unknown UploadState value
[2023.04.27-02.55.15:697][  0]CrashReportCoreLog: Initial state = Unknown UploadState value
[2023.04.27-02.55.15:906][  0]LogInit: FSlateOpenGLContext::Initialize - creating OpenGL 2.1 context
[2023.04.27-02.55.15:929][  0]LogSlate: Took 0.017729 seconds to synchronously load lazily loaded font '../../../Engine/Content/Slate/Fonts/Roboto-Regular.ttf' (155K)
[2023.04.27-02.55.15:940][  0]LogSlate: Took 0.010312 seconds to synchronously load lazily loaded font '../../../Engine/Content/Slate/Fonts/Roboto-Bold.ttf' (160K)
[2023.04.27-02.55.15:989][  0]LogSlate: Took 0.026586 seconds to synchronously load lazily loaded font '../../../Engine/Content/Slate/Fonts/Roboto-Italic.ttf' (157K)
[2023.04.27-03.03.11:413][  0]LogSlate: Request Window 'client Crash Reporter' being destroyed
[2023.04.27-03.03.11:413][  0]LogSlate: Window 'client Crash Reporter' being destroyed
[2023.04.27-03.03.11:428][  0]LogCore: Engine exit requested (reason: OnRequestExit; note: exit was already requested)
[2023.04.27-03.03.11:430][  0]CrashReportCoreLog: Final state (Receiver) = Ready
[2023.04.27-03.03.11:430][  0]CrashReportCoreLog: Final state (Receiver) = Unknown UploadState value
[2023.04.27-03.03.11:446][  0]LogSlate: Slate User Destroyed.  User Index 0, Is Virtual User: 0
[2023.04.27-03.03.11:446][  0]LogCore: Engine exit requested (reason: CrashReportClientApp RequestExit; note: exit was already requested)
[2023.04.27-03.03.11:446][  0]LogExit: Preparing to exit.
[2023.04.27-03.03.11:447][  0]LogExit: Object subsystem successfully closed.
[2023.04.27-03.03.11:716][  0]LogModuleManager: Shutting down and abandoning module ImageWrapper (16)
[2023.04.27-03.03.11:716][  0]LogModuleManager: Shutting down and abandoning module InputCore (14)
[2023.04.27-03.03.11:716][  0]LogModuleManager: Shutting down and abandoning module AnalyticsET (12)
[2023.04.27-03.03.11:716][  0]LogModuleManager: Shutting down and abandoning module HTTP (11)
[2023.04.27-03.03.11:716][  0]LogHttp: Warning: [FHttpManager::Flush] FlushReason was Shutdown. Unbinding delegates for 1 outstanding Http Requests:
[2023.04.27-03.03.11:716][  0]LogHttp: Warning: 	verb=[POST] url=[https://datarouter.ol.epicgames.com/datarouter/api/v1/public/data?SessionID=%7B2AF454B2-1165-468F-982E-B02F20E84DF0%7D&AppID=CrashReporter.Release&AppVersion=%2B%2BUE5%2BRelease-5.1-CL-23058290&UserID=54fd6f568aa74168bffa9ad2e795153a-000003e8%7C%7C54fd6f568aa74168bffa9ad2e795153a&AppEnvironment=datacollector-binary&UploadType=eteventstream] refs=[1] status=Processing
[2023.04.27-03.03.11:716][  0]LogHttp: Warning: 	Sleeping 0.500s to wait for 1 outstanding Http Requests.
[2023.04.27-03.03.12:219][  0]LogModuleManager: Shutting down and abandoning module SSL (10)
[2023.04.27-03.03.12:220][  0]LogModuleManager: Shutting down and abandoning module CoreUObject (6)
[2023.04.27-03.03.12:220][  0]LogModuleManager: Shutting down and abandoning module PakFile (4)
[2023.04.27-03.03.12:220][  0]LogModuleManager: Shutting down and abandoning module RSA (3)
[2023.04.27-03.03.12:221][  0]LogExit: Exiting.
[2023.04.27-03.03.12:221][  0]LogInit: Tearing down SDL.
[2023.04.27-03.03.12:240][  0]LogCore: FUnixPlatformMisc::RequestExit(bForce=false, ReturnCode=143)
[2023.04.27-03.03.12:243][  0]Log file closed, 04/27/23 05:03:12
